<?xml version="1.0" encoding="UTF-8"?>
<!-- Generated by org.testng.reporters.JUnitReportReporter -->
<testsuite skipped="0" hostname="Lenovo_U41" name="com.Test.VerifyLogin" tests="4" failures="0" timestamp="2022-01-30T12:25:44 IST" time="87.625" errors="0">
  <testcase name="TC_001" time="17.755" classname="com.Test.VerifyLogin"/>
  <system-out/>
  <testcase name="TC_001" time="27.612" classname="com.Test.VerifyLogin"/>
  <system-out/>
  <testcase name="TC_001" time="17.827" classname="com.Test.VerifyLogin"/>
  <system-out/>
  <testcase name="TC_001" time="24.431" classname="com.Test.VerifyLogin"/>
  <system-out/>
</testsuite> <!-- com.Test.VerifyLogin -->
