<?xml version="1.0" encoding="UTF-8"?>
<!-- Generated by org.testng.reporters.JUnitReportReporter -->
<testsuite skipped="0" hostname="Lenovo_U41" name="com.Test.EditPersonalDetails" tests="1" failures="0" timestamp="2022-01-30T12:25:44 IST" time="24.110" errors="0">
  <testcase name="TC_MyInfo_006" time="24.110" classname="com.Test.EditPersonalDetails"/>
  <system-out/>
</testsuite> <!-- com.Test.EditPersonalDetails -->
